{"level":"info","message":"Server is running at port 8000","timestamp":"2025-05-28 02:34:45"}
{"level":"info","message":"Server is running at port 8000","timestamp":"2025-05-28 02:35:26"}
{"level":"info","message":"Server is running at port 8000","timestamp":"2025-05-28 02:38:48"}
{"level":"info","message":"Server is running at port 8000","timestamp":"2025-05-28 02:38:54"}
{"level":"info","message":"Server is running at port 8000","timestamp":"2025-05-28 02:39:02"}
{"level":"info","message":"Server is running at port 8000","timestamp":"2025-05-28 02:40:25"}
{"level":"info","message":"Server is running at port 8000","timestamp":"2025-05-28 02:40:31"}
{"level":"info","message":"Server is running at port 8000","timestamp":"2025-05-28 02:40:37"}
{"level":"info","message":"Server is running at port 8000","timestamp":"2025-05-28 02:41:09"}
{"level":"info","message":"Server is running at port 8000","timestamp":"2025-05-28 02:41:50"}
{"level":"info","message":"Server is running at port 8000","timestamp":"2025-05-28 02:42:40"}
{"level":"info","message":"Server is running at port 8000","timestamp":"2025-05-28 02:42:53"}
{"body":{},"headers":{"accept":"*/*","accept-encoding":"gzip, deflate, br","connection":"keep-alive","cookie":"connect.sid=s%3AWNwlKM_Ve8wHY3aIw8Q0eJ02Lh51jFyd.cw51XrJBbNd4y8Tbn%2BxkHfi8ZuZV1WC6JVoOrxK74d0","host":"localhost:8000","postman-token":"c0e702e7-204b-4bf0-be75-9d6b1c8365d0","user-agent":"PostmanRuntime/7.43.4"},"level":"info","message":"📥 Raw Request:","method":"GET","timestamp":"2025-05-28 02:44:50","url":"/api/users/phone/+1234567890"}
{"body":{},"level":"info","message":"📦 Parsed Request:","method":"GET","timestamp":"2025-05-28 02:44:50","url":"/api/users/phone/+1234567890"}
{"level":"info","message":"Server is running at port 8000","timestamp":"2025-05-28 02:47:06"}
{"level":"info","message":"Server is running at port 8000","timestamp":"2025-05-28 02:47:19"}
{"level":"info","message":"Server is running at port 8000","timestamp":"2025-05-28 02:48:32"}
{"level":"info","message":"Server is running at port 8000","timestamp":"2025-05-28 02:49:01"}
{"level":"info","message":"Server is running at port 8000","timestamp":"2025-05-28 02:52:34"}
{"level":"info","message":"Server is running at port 8000","timestamp":"2025-05-28 02:52:48"}
{"level":"info","message":"Server is running at port 8000","timestamp":"2025-05-28 02:52:53"}
{"level":"info","message":"Server is running at port 8000","timestamp":"2025-05-28 02:53:27"}
{"level":"info","message":"Server is running at port 8000","timestamp":"2025-05-28 02:53:38"}
{"body":{},"headers":{"accept":"*/*","accept-encoding":"gzip, deflate, br","connection":"keep-alive","cookie":"connect.sid=s%3Aq97qZIJ3_W9b-6TL23ApEGoI-WmkQEB_.r4%2F3G7tueudE616iDbJSj%2FM%2FN8mnFm9oAq83ouGUr9U","host":"localhost:8000","postman-token":"a58ee2fe-e464-4dff-bb85-c3a2796ee55b","user-agent":"PostmanRuntime/7.43.4"},"level":"info","message":"📥 Raw Request:","method":"GET","timestamp":"2025-05-28 02:56:41","url":"/api/users/"}
{"body":{},"level":"info","message":"📦 Parsed Request:","method":"GET","timestamp":"2025-05-28 02:56:41","url":"/api/users/"}
{"level":"info","message":"Server is running at port 8000","timestamp":"2025-05-28 03:17:58"}
{"level":"info","message":"Server is running at port 8000","timestamp":"2025-05-28 03:18:25"}
{"level":"info","message":"Server is running at port 8000","timestamp":"2025-05-28 03:21:22"}
{"level":"info","message":"Server is running at port 8000","timestamp":"2025-05-28 03:21:35"}
{"level":"info","message":"Server is running at port 8000","timestamp":"2025-05-28 03:21:47"}
{"body":{"content":"Test Case 1","phone":"+1234567890","title":"Test Case 1","type":"Story"},"headers":{"accept":"*/*","accept-encoding":"gzip, deflate, br","connection":"keep-alive","content-length":"114","content-type":"application/json","cookie":"connect.sid=s%3AJhfCa50GntDP1L14R4VjVuFVwMGfKJUQ.gOeylO8Q6pd2Px80r6VPp730imAgRu0gjLurxEhaUOU","host":"localhost:8000","postman-token":"6dbb5cee-6794-465c-ac5f-1e20050b2c6f","user-agent":"PostmanRuntime/7.43.4"},"level":"info","message":"📥 Raw Request:","method":"POST","timestamp":"2025-05-28 11:10:01","url":"/api/posts"}
{"body":{"content":"Test Case 1","phone":"+1234567890","title":"Test Case 1","type":"Story"},"level":"info","message":"📦 Parsed Request:","method":"POST","timestamp":"2025-05-28 11:10:01","url":"/api/posts"}
{"body":{"content":"Test Case 1","phone":"+1234567890","title":"Test Case 1","type":"Story"},"headers":{"accept":"*/*","accept-encoding":"gzip, deflate, br","connection":"keep-alive","content-length":"114","content-type":"application/json","cookie":"connect.sid=s%3AJhfCa50GntDP1L14R4VjVuFVwMGfKJUQ.gOeylO8Q6pd2Px80r6VPp730imAgRu0gjLurxEhaUOU","host":"localhost:8000","postman-token":"6dbb5cee-6794-465c-ac5f-1e20050b2c6f","user-agent":"PostmanRuntime/7.43.4"},"level":"info","message":"🔍 Post Route Request:","method":"POST","params":{},"query":{},"timestamp":"2025-05-28T05:40:01.726Z","url":"/api/posts"}
{"content":"Test Case 1","level":"info","message":"📝 Create Post - Request:","phone":"+1234567890","timestamp":"2025-05-28 11:10:01","title":"Test Case 1","type":"Story"}
{"$__":{"$versionError":null,"activePaths":{"paths":{"content":"require","phone":"require","title":"require","type":"require"},"states":{"default":{},"modify":{},"require":{"content":true,"phone":true,"title":true,"type":true}}},"backup":{"activePaths":{"default":{"_id":true,"images":true,"isUrgent":true,"status":true,"tags":true,"views":true},"modify":{"content":true,"createdAt":true,"phone":true,"title":true,"type":true,"updatedAt":true}},"validationError":null},"cachedRequired":{},"inserting":true,"op":null,"saveOptions":null,"savedState":{},"saving":null,"validating":null},"$isNew":false,"_doc":{"__v":0,"_id":"6836a1b10cee280cba91b270","content":"Test Case 1","createdAt":"2025-05-28T05:40:01.781Z","images":[],"isUrgent":false,"phone":"+1234567890","status":"active","tags":[],"title":"Test Case 1","type":"Story","updatedAt":"2025-05-28T05:40:01.781Z","views":0},"level":"info","message":"✅ Create Post - Success:","timestamp":"2025-05-28 11:10:01"}
{"level":"info","message":"Server is running at port 8000","timestamp":"2025-05-28 11:25:47"}
{"body":{},"headers":{"accept":"*/*","accept-encoding":"gzip, deflate, br","connection":"keep-alive","cookie":"connect.sid=s%3A8rQHxc00niYcywU45FNgVJghYiNBjqC5.k0lqJz1qBb4oPfJ98%2Bo1gm7ltjHYCHlO7eM%2FZRsqOwo","host":"localhost:8000","postman-token":"535f2a58-0e3c-4136-9e02-21caf727eb74","user-agent":"PostmanRuntime/7.43.4"},"level":"info","message":"📥 Raw Request:","method":"GET","timestamp":"2025-05-28 11:47:39","url":"/api/posts/phone/+8966034565"}
{"body":{},"level":"info","message":"📦 Parsed Request:","method":"GET","timestamp":"2025-05-28 11:47:39","url":"/api/posts/phone/+8966034565"}
{"body":{},"headers":{"accept":"*/*","accept-encoding":"gzip, deflate, br","connection":"keep-alive","cookie":"connect.sid=s%3A8rQHxc00niYcywU45FNgVJghYiNBjqC5.k0lqJz1qBb4oPfJ98%2Bo1gm7ltjHYCHlO7eM%2FZRsqOwo","host":"localhost:8000","postman-token":"535f2a58-0e3c-4136-9e02-21caf727eb74","user-agent":"PostmanRuntime/7.43.4"},"level":"info","message":"🔍 Post Route Request:","method":"GET","params":{},"query":{},"timestamp":"2025-05-28T06:17:39.912Z","url":"/api/posts/phone/+8966034565"}
{"level":"info","message":"🔍 Get User Posts - Request:","phone":"+8966034565","timestamp":"2025-05-28 11:47:39"}
{"count":0,"level":"info","message":"✅ Get User Posts - Success:","timestamp":"2025-05-28 11:47:40"}
{"body":{},"headers":{"accept":"*/*","accept-encoding":"gzip, deflate, br","connection":"keep-alive","cookie":"connect.sid=s%3AkyuLWsiRpQmkGMNpoQaxop66xKKku4Ar.Uump5YnI3HQuwn3eMMdHlRQwMp3XyHvANDEUqNRkM%2BM","host":"localhost:8000","postman-token":"08a77644-6889-454a-9285-badd7b101c2f","user-agent":"PostmanRuntime/7.43.4"},"level":"info","message":"📥 Raw Request:","method":"GET","timestamp":"2025-05-28 11:47:50","url":"/api/posts/phone/+918966034565"}
{"body":{},"level":"info","message":"📦 Parsed Request:","method":"GET","timestamp":"2025-05-28 11:47:50","url":"/api/posts/phone/+918966034565"}
{"body":{},"headers":{"accept":"*/*","accept-encoding":"gzip, deflate, br","connection":"keep-alive","cookie":"connect.sid=s%3AkyuLWsiRpQmkGMNpoQaxop66xKKku4Ar.Uump5YnI3HQuwn3eMMdHlRQwMp3XyHvANDEUqNRkM%2BM","host":"localhost:8000","postman-token":"08a77644-6889-454a-9285-badd7b101c2f","user-agent":"PostmanRuntime/7.43.4"},"level":"info","message":"🔍 Post Route Request:","method":"GET","params":{},"query":{},"timestamp":"2025-05-28T06:17:50.148Z","url":"/api/posts/phone/+918966034565"}
{"level":"info","message":"🔍 Get User Posts - Request:","phone":"+918966034565","timestamp":"2025-05-28 11:47:50"}
{"count":2,"level":"info","message":"✅ Get User Posts - Success:","timestamp":"2025-05-28 11:47:50"}
{"level":"info","message":"Server is running at port 8000","timestamp":"2025-05-28 13:15:59"}
{"level":"info","message":"Server is running at port 8000","timestamp":"2025-05-28 13:17:57"}
{"level":"info","message":"Server is running at port 8000","timestamp":"2025-05-28 13:18:22"}
{"body":{"content":"Offer Help Post 1","phone":"+919876543210","title":"Offer Help Post 1","type":"Offer Help"},"headers":{"accept":"*/*","accept-encoding":"gzip, deflate, br","connection":"keep-alive","content-length":"133","content-type":"application/json","cookie":"connect.sid=s%3AkyuLWsiRpQmkGMNpoQaxop66xKKku4Ar.Uump5YnI3HQuwn3eMMdHlRQwMp3XyHvANDEUqNRkM%2BM","host":"localhost:8000","postman-token":"60b50722-bdc1-42e5-8f36-3d2b96b31140","user-agent":"PostmanRuntime/7.43.4"},"level":"info","message":"📥 Raw Request:","method":"POST","timestamp":"2025-05-28 13:21:52","url":"/api/posts"}
{"body":{"content":"Offer Help Post 1","phone":"+919876543210","title":"Offer Help Post 1","type":"Offer Help"},"level":"info","message":"📦 Parsed Request:","method":"POST","timestamp":"2025-05-28 13:21:52","url":"/api/posts"}
{"body":{"content":"Offer Help Post 1","phone":"+919876543210","title":"Offer Help Post 1","type":"Offer Help"},"headers":{"accept":"*/*","accept-encoding":"gzip, deflate, br","connection":"keep-alive","content-length":"133","content-type":"application/json","cookie":"connect.sid=s%3AkyuLWsiRpQmkGMNpoQaxop66xKKku4Ar.Uump5YnI3HQuwn3eMMdHlRQwMp3XyHvANDEUqNRkM%2BM","host":"localhost:8000","postman-token":"60b50722-bdc1-42e5-8f36-3d2b96b31140","user-agent":"PostmanRuntime/7.43.4"},"level":"info","message":"🔍 Post Route Request:","method":"POST","params":{},"query":{},"timestamp":"2025-05-28T07:51:52.536Z","url":"/api/posts"}
{"content":"Offer Help Post 1","level":"info","message":"📝 Create Post - Request:","phone":"+919876543210","timestamp":"2025-05-28 13:21:52","title":"Offer Help Post 1","type":"Offer Help"}
{"$__":{"$versionError":null,"activePaths":{"paths":{"content":"require","phone":"require","title":"require","type":"require"},"states":{"default":{},"modify":{},"require":{"content":true,"phone":true,"title":true,"type":true}}},"backup":{"activePaths":{"default":{"_id":true,"images":true,"isUrgent":true,"status":true,"tags":true,"views":true},"modify":{"content":true,"createdAt":true,"phone":true,"title":true,"type":true,"updatedAt":true}},"validationError":null},"cachedRequired":{},"inserting":true,"op":null,"saveOptions":null,"savedState":{},"saving":null,"validating":null},"$isNew":false,"_doc":{"__v":0,"_id":"6836c09812af493a311f9db4","content":"Offer Help Post 1","createdAt":"2025-05-28T07:51:52.557Z","images":[],"isUrgent":false,"phone":"+919876543210","status":"active","tags":[],"title":"Offer Help Post 1","type":"Offer Help","updatedAt":"2025-05-28T07:51:52.557Z","views":0},"level":"info","message":"✅ Create Post - Success:","timestamp":"2025-05-28 13:21:52"}
{"level":"info","message":"Server is running at port 8000","timestamp":"2025-05-28 13:22:23"}
